0 info it worked if it ends with ok
1 verbose cli [ 'node',
1 verbose cli   '/usr/local/bin/npm',
1 verbose cli   'install',
1 verbose cli   'karma-jasmire',
1 verbose cli   '--save-dev' ]
2 info using npm@1.4.28
3 info using node@v0.10.35
4 verbose readDependencies using package.json deps
5 verbose cache add [ 'karma-jasmire', null ]
6 verbose cache add name=undefined spec="karma-jasmire" args=["karma-jasmire",null]
7 verbose parsed url { protocol: null,
7 verbose parsed url   slashes: null,
7 verbose parsed url   auth: null,
7 verbose parsed url   host: null,
7 verbose parsed url   port: null,
7 verbose parsed url   hostname: null,
7 verbose parsed url   hash: null,
7 verbose parsed url   search: null,
7 verbose parsed url   query: null,
7 verbose parsed url   pathname: 'karma-jasmire',
7 verbose parsed url   path: 'karma-jasmire',
7 verbose parsed url   href: 'karma-jasmire' }
8 silly lockFile 24845ffe-karma-jasmire karma-jasmire
9 verbose lock karma-jasmire /Users/Alberto/.npm/24845ffe-karma-jasmire.lock
10 silly lockFile 24845ffe-karma-jasmire karma-jasmire
11 silly lockFile 24845ffe-karma-jasmire karma-jasmire
12 verbose addNamed [ 'karma-jasmire', '' ]
13 verbose addNamed [ null, '*' ]
14 silly lockFile 016e8045-karma-jasmire karma-jasmire@
15 verbose lock karma-jasmire@ /Users/Alberto/.npm/016e8045-karma-jasmire.lock
16 silly addNameRange { name: 'karma-jasmire', range: '*', hasData: false }
17 verbose request where is /karma-jasmire
18 verbose request registry https://registry.npmjs.org/
19 verbose request id 26f6b40b5b5367d0
20 verbose url raw /karma-jasmire
21 verbose url resolving [ 'https://registry.npmjs.org/', './karma-jasmire' ]
22 verbose url resolved https://registry.npmjs.org/karma-jasmire
23 verbose request where is https://registry.npmjs.org/karma-jasmire
24 info trying registry request attempt 1 at 14:20:23
25 http GET https://registry.npmjs.org/karma-jasmire
26 http 404 https://registry.npmjs.org/karma-jasmire
27 verbose headers { date: 'Wed, 04 Mar 2015 20:20:23 GMT',
27 verbose headers   server: 'CouchDB/1.5.0 (Erlang OTP/R16B03)',
27 verbose headers   'content-type': 'application/json',
27 verbose headers   'cache-control': 'max-age=0',
27 verbose headers   'content-length': '52',
27 verbose headers   'accept-ranges': 'bytes',
27 verbose headers   via: '1.1 varnish',
27 verbose headers   age: '0',
27 verbose headers   'x-served-by': 'cache-lax1424-LAX',
27 verbose headers   'x-cache': 'MISS',
27 verbose headers   'x-cache-hits': '0',
27 verbose headers   'x-timer': 'S1425500423.551864,VS0,VE315',
27 verbose headers   'keep-alive': 'timeout=10, max=50',
27 verbose headers   connection: 'Keep-Alive' }
28 silly registry.get cb [ 404,
28 silly registry.get   { date: 'Wed, 04 Mar 2015 20:20:23 GMT',
28 silly registry.get     server: 'CouchDB/1.5.0 (Erlang OTP/R16B03)',
28 silly registry.get     'content-type': 'application/json',
28 silly registry.get     'cache-control': 'max-age=0',
28 silly registry.get     'content-length': '52',
28 silly registry.get     'accept-ranges': 'bytes',
28 silly registry.get     via: '1.1 varnish',
28 silly registry.get     age: '0',
28 silly registry.get     'x-served-by': 'cache-lax1424-LAX',
28 silly registry.get     'x-cache': 'MISS',
28 silly registry.get     'x-cache-hits': '0',
28 silly registry.get     'x-timer': 'S1425500423.551864,VS0,VE315',
28 silly registry.get     'keep-alive': 'timeout=10, max=50',
28 silly registry.get     connection: 'Keep-Alive' } ]
29 silly lockFile 016e8045-karma-jasmire karma-jasmire@
30 silly lockFile 016e8045-karma-jasmire karma-jasmire@
31 error 404 404 Not Found: karma-jasmire
31 error 404
31 error 404 'karma-jasmire' is not in the npm registry.
31 error 404 You should bug the author to publish it
31 error 404 It was specified as a dependency of 'proyecto'
31 error 404
31 error 404 Note that you can also install from a
31 error 404 tarball, folder, or http url, or git url.
32 error System Darwin 14.0.0
33 error command "node" "/usr/local/bin/npm" "install" "karma-jasmire" "--save-dev"
34 error cwd /Users/Alberto/Desktop/PROYECTO
35 error node -v v0.10.35
36 error npm -v 1.4.28
37 error code E404
38 verbose exit [ 1, true ]
